epoch,accuracy,loss,val_accuracy,val_loss
0,0.30000001192092896,6.023169040679932,0.3333333432674408,7.57935905456543
1,0.30714285373687744,7.135889053344727,0.3333333432674408,2.1956894397735596
2,0.3142857253551483,3.3368113040924072,0.4722222089767456,2.492936134338379
3,0.3802083432674408,3.0347163677215576,0.4166666567325592,2.2414138317108154
4,0.41428571939468384,1.971796989440918,0.5833333134651184,1.7322226762771606
5,0.48571428656578064,1.360007405281067,0.4166666567325592,1.15088951587677
6,0.3958333432674408,1.172243356704712,0.3888888955116272,1.1518440246582031
7,0.5285714268684387,1.1726373434066772,0.5277777910232544,1.3597779273986816
8,0.5833333134651184,1.335626244544983,0.5555555820465088,1.0854074954986572
9,0.6000000238418579,1.051248550415039,0.6666666865348816,0.9923680424690247
10,0.7214285731315613,1.0284308195114136,0.6666666865348816,1.0352246761322021
11,0.550000011920929,1.0174139738082886,0.5277777910232544,1.058245301246643
12,0.6714285612106323,0.956774115562439,0.6666666865348816,1.003096103668213
13,0.6857143044471741,0.9327203035354614,0.75,0.860302209854126
14,0.7428571581840515,0.827759861946106,0.75,0.8283933997154236
15,0.6928571462631226,0.8080890774726868,0.75,0.7903807163238525
16,0.75,0.7753921747207642,0.75,0.8008168935775757
17,0.7428571581840515,0.7493525147438049,0.75,0.7896537780761719
18,0.7642857432365417,0.788739800453186,0.7222222089767456,0.7728478312492371
19,0.7604166865348816,0.6998603940010071,0.75,0.7860830426216125
20,0.800000011920929,0.6271607279777527,0.75,0.7982414960861206
21,0.7785714268684387,0.6695871353149414,0.75,0.7552213072776794
22,0.7857142686843872,0.6155136227607727,0.75,0.7370502948760986
23,0.7714285850524902,0.6409010887145996,0.7777777910232544,0.740151584148407
24,0.7760416865348816,0.6132199168205261,0.75,0.7102128267288208
25,0.8071428537368774,0.5880729556083679,0.75,0.7107354402542114
26,0.8571428656578064,0.4908296763896942,0.8055555820465088,0.6781743168830872
27,0.8285714387893677,0.4985106289386749,0.8055555820465088,0.6678946018218994
28,0.8642857074737549,0.4493084251880646,0.7777777910232544,0.676003634929657
29,0.8385416865348816,0.49142637848854065,0.7777777910232544,0.6677161455154419
30,0.8285714387893677,0.5033568739891052,0.7777777910232544,0.6879361271858215
31,0.8071428537368774,0.49286380410194397,0.8055555820465088,0.6843913197517395
32,0.8489583134651184,0.46777161955833435,0.7777777910232544,0.6776894330978394
33,0.8571428656578064,0.4683704376220703,0.8055555820465088,0.667296290397644
34,0.8645833134651184,0.4330199658870697,0.8055555820465088,0.6715450286865234
35,0.8857142925262451,0.4654380679130554,0.8055555820465088,0.6442999243736267
36,0.890625,0.3745863437652588,0.8055555820465088,0.6632805466651917
37,0.8697916865348816,0.4131321907043457,0.8333333134651184,0.6609452366828918
38,0.8999999761581421,0.3646540939807892,0.8055555820465088,0.6666803359985352
39,0.8928571343421936,0.37374889850616455,0.8611111044883728,0.6733371019363403
40,0.8785714507102966,0.3470025062561035,0.8055555820465088,0.7294198274612427
41,0.875,0.38351574540138245,0.8611111044883728,0.6680092215538025
42,0.9142857193946838,0.3442317545413971,0.8611111044883728,0.6361833810806274
43,0.9071428775787354,0.3707056939601898,0.8611111044883728,0.61446613073349
44,0.9071428775787354,0.35588139295578003,0.7777777910232544,0.7283042073249817
45,0.8999999761581421,0.3346184492111206,0.8055555820465088,0.7124138474464417
46,0.8571428656578064,0.39632275700569153,0.8055555820465088,0.71413654088974
47,0.9010416865348816,0.3228990137577057,0.8611111044883728,0.6172244548797607
48,0.9285714030265808,0.2580516040325165,0.8888888955116272,0.5581387281417847
49,0.9357143044471741,0.26590999960899353,0.8611111044883728,0.5843039751052856
50,0.9142857193946838,0.29451239109039307,0.8611111044883728,0.6080582141876221
51,0.9071428775787354,0.2928537130355835,0.8611111044883728,0.582190215587616
52,0.9214285612106323,0.3281188905239105,0.8055555820465088,0.6805649995803833
53,0.9428571462631226,0.2712514400482178,0.8611111044883728,0.5278174877166748
54,0.949999988079071,0.22621938586235046,0.8611111044883728,0.5593240857124329
55,0.9142857193946838,0.3173503279685974,0.8611111044883728,0.6143946051597595
56,0.9270833134651184,0.2504616677761078,0.8611111044883728,0.5498086810112
57,0.9571428298950195,0.26195719838142395,0.8888888955116272,0.5569317936897278
58,0.9571428298950195,0.2144232541322708,0.8888888955116272,0.5433061718940735
59,0.9071428775787354,0.26472505927085876,0.8611111044883728,0.5921327471733093
60,0.9357143044471741,0.22159451246261597,0.8611111044883728,0.6357550024986267
61,0.9571428298950195,0.21147319674491882,0.8333333134651184,0.6083194017410278
62,0.9428571462631226,0.21278585493564606,0.8611111044883728,0.5776770710945129
63,0.9357143044471741,0.23073551058769226,0.8611111044883728,0.5583227276802063
64,0.9285714030265808,0.2477562427520752,0.8611111044883728,0.5918960571289062
65,0.9427083134651184,0.2271527647972107,0.8888888955116272,0.6076626181602478
66,0.9635416865348816,0.18551991879940033,0.8611111044883728,0.6500978469848633
67,0.9357143044471741,0.2070615440607071,0.8888888955116272,0.6202812194824219
68,0.9428571462631226,0.20215868949890137,0.8611111044883728,0.5390187501907349
69,0.953125,0.1834784597158432,0.8888888955116272,0.5364159345626831
70,0.9642857313156128,0.1739029735326767,0.8888888955116272,0.5833727121353149
71,0.9357143044471741,0.20822449028491974,0.8888888955116272,0.5851960778236389
72,0.9357143044471741,0.1907654106616974,0.8611111044883728,0.5582553744316101
73,0.9428571462631226,0.24920763075351715,0.8611111044883728,0.5962893962860107
74,0.9285714030265808,0.1999611109495163,0.8611111044883728,0.5358445644378662
75,0.949999988079071,0.17498956620693207,0.8888888955116272,0.5560809373855591
76,0.9571428298950195,0.17507021129131317,0.8611111044883728,0.5903828740119934
77,0.949999988079071,0.1892118901014328,0.8611111044883728,0.6385879516601562
78,0.9479166865348816,0.1691993921995163,0.8888888955116272,0.5419509410858154
79,0.9857142567634583,0.1264021396636963,0.8888888955116272,0.5080153346061707
80,0.9428571462631226,0.21043570339679718,0.8888888955116272,0.5095481872558594
81,0.9583333134651184,0.14264817535877228,0.8611111044883728,0.5976697206497192
82,0.9785714149475098,0.1209273636341095,0.8611111044883728,0.6327397227287292
83,0.9642857313156128,0.13086235523223877,0.8888888955116272,0.5752242803573608
84,0.9642857313156128,0.15746140480041504,0.8888888955116272,0.5307432413101196
85,0.9428571462631226,0.13316130638122559,0.8611111044883728,0.5965039134025574
86,0.9635416865348816,0.1786409467458725,0.8611111044883728,0.605147659778595
87,0.9785714149475098,0.11248691380023956,0.8611111044883728,0.6154897212982178
88,0.9571428298950195,0.1535433977842331,0.8611111044883728,0.6245442628860474
89,0.9642857313156128,0.13443537056446075,0.8611111044883728,0.5842116475105286
