epoch,accuracy,loss,val_accuracy,val_loss
0,0.2928571403026581,5.085106372833252,0.3333333432674408,8.097982406616211
1,0.3285714387893677,6.311988830566406,0.2777777910232544,2.292220115661621
2,0.3642857074737549,2.7737441062927246,0.3888888955116272,2.051896095275879
3,0.3020833432674408,2.0405755043029785,0.4166666567325592,1.5051873922348022
4,0.3928571343421936,1.2336583137512207,0.5,1.184283971786499
5,0.4000000059604645,1.2165759801864624,0.3333333432674408,1.4302510023117065
6,0.3854166567325592,1.318461298942566,0.4722222089767456,1.0980887413024902
7,0.5642856955528259,0.9511613249778748,0.5833333134651184,1.0863436460494995
8,0.5677083134651184,1.0526432991027832,0.5555555820465088,1.1046526432037354
9,0.6499999761581421,0.9613562226295471,0.75,1.0187249183654785
10,0.6571428775787354,0.9121128916740417,0.7222222089767456,0.9094551801681519
11,0.6714285612106323,0.8909203410148621,0.6666666865348816,0.9352825880050659
12,0.6857143044471741,0.8566303253173828,0.6944444179534912,0.8477736711502075
13,0.7857142686843872,0.7466580271720886,0.7222222089767456,0.8617441654205322
14,0.7714285850524902,0.758054256439209,0.7777777910232544,0.8526573181152344
15,0.7785714268684387,0.6909242868423462,0.6944444179534912,0.79876708984375
16,0.8357142806053162,0.6364840269088745,0.6944444179534912,0.8393571972846985
17,0.7928571701049805,0.7523040771484375,0.8055555820465088,0.7789785265922546
18,0.6857143044471741,0.7691601514816284,0.6944444179534912,0.9583462476730347
19,0.7604166865348816,0.6137022376060486,0.6944444179534912,0.7782802581787109
20,0.7928571701049805,0.7206156253814697,0.7222222089767456,0.715928316116333
21,0.8071428537368774,0.6060826182365417,0.7222222089767456,0.8612562417984009
22,0.7928571701049805,0.6225888133049011,0.8333333134651184,0.7009682059288025
23,0.8285714387893677,0.5350224375724792,0.75,0.7412735819816589
24,0.8385416865348816,0.5250292420387268,0.7777777910232544,0.7210491895675659
25,0.8500000238418579,0.47257503867149353,0.75,0.750935971736908
26,0.800000011920929,0.44353175163269043,0.7777777910232544,0.7709043025970459
27,0.8500000238418579,0.40040189027786255,0.7777777910232544,0.749720573425293
28,0.8357142806053162,0.4713430106639862,0.75,0.8756608963012695
29,0.7291666865348816,0.5294913649559021,0.7222222089767456,0.7245849967002869
30,0.8357142806053162,0.46852368116378784,0.7222222089767456,0.8048816323280334
31,0.8214285969734192,0.5123792290687561,0.75,0.8571407794952393
32,0.8229166865348816,0.42263707518577576,0.7777777910232544,0.7713133692741394
33,0.8642857074737549,0.35692518949508667,0.75,0.7199776768684387
34,0.890625,0.3357612192630768,0.7777777910232544,0.6849960088729858
35,0.8714285492897034,0.38229599595069885,0.8611111044883728,0.6559040546417236
36,0.90625,0.3004477918148041,0.8055555820465088,0.6580262780189514
37,0.90625,0.2822655141353607,0.7777777910232544,0.7302098870277405
38,0.9214285612106323,0.24855123460292816,0.7777777910232544,0.7727782130241394
39,0.8785714507102966,0.33014145493507385,0.8333333134651184,0.7054433822631836
40,0.9285714030265808,0.26200807094573975,0.8055555820465088,0.6724324822425842
41,0.9322916865348816,0.2504135072231293,0.8333333134651184,0.6328328251838684
42,0.9142857193946838,0.23458744585514069,0.8333333134651184,0.7345417141914368
43,0.9285714030265808,0.2396630197763443,0.8055555820465088,0.728722333908081
44,0.9571428298950195,0.2079382687807083,0.8055555820465088,0.7750198245048523
45,0.9571428298950195,0.2356417030096054,0.8055555820465088,0.7789339423179626
46,0.949999988079071,0.21254587173461914,0.8055555820465088,0.7778629064559937
47,0.953125,0.1898459643125534,0.8055555820465088,0.7181144952774048
48,0.9714285731315613,0.18437568843364716,0.7777777910232544,0.7753250002861023
49,0.9571428298950195,0.16110233962535858,0.8055555820465088,0.7805202007293701
50,0.9714285731315613,0.17107205092906952,0.8333333134651184,0.6651635766029358
51,0.949999988079071,0.1859952062368393,0.7777777910232544,0.7337658405303955
52,0.9285714030265808,0.194920152425766,0.8333333134651184,0.6590791344642639
53,0.9785714149475098,0.12994426488876343,0.8055555820465088,0.7424808144569397
54,0.9714285731315613,0.12178050726652145,0.7777777910232544,0.741100013256073
55,0.9785714149475098,0.11657647043466568,0.7777777910232544,0.7836803793907166
56,0.9791666865348816,0.12632736563682556,0.8055555820465088,0.7511629462242126
57,0.9785714149475098,0.11960085481405258,0.8611111044883728,0.6800181269645691
58,0.9714285731315613,0.09799017012119293,0.8611111044883728,0.6597597599029541
59,0.9714285731315613,0.13992267847061157,0.8333333134651184,0.7086523175239563
60,0.9642857313156128,0.11481813341379166,0.8055555820465088,0.7558981776237488
61,0.9785714149475098,0.11337199807167053,0.8333333134651184,0.716023325920105
62,0.9857142567634583,0.09854195266962051,0.8611111044883728,0.6768073439598083
63,0.9642857313156128,0.08796972781419754,0.8333333134651184,0.6645419001579285
64,0.9785714149475098,0.12052123248577118,0.8333333134651184,0.7530431747436523
65,0.984375,0.0993976816534996,0.8055555820465088,0.6913159489631653
66,0.9739583134651184,0.10556282848119736,0.8611111044883728,0.6272629499435425
67,0.9928571581840515,0.07916264235973358,0.8611111044883728,0.6343942284584045
68,0.9928571581840515,0.08827012032270432,0.8888888955116272,0.6063717007637024
69,0.9895833134651184,0.07300649583339691,0.8333333134651184,0.6464194655418396
70,0.9857142567634583,0.0711473822593689,0.8333333134651184,0.6715666651725769
71,0.9785714149475098,0.0881323516368866,0.8611111044883728,0.6314152479171753
72,0.9928571581840515,0.05836521461606026,0.8611111044883728,0.6448993682861328
73,1.0,0.03591311350464821,0.8611111044883728,0.6568474173545837
74,1.0,0.040865421295166016,0.8888888955116272,0.65943443775177
75,0.9857142567634583,0.05444597452878952,0.8888888955116272,0.6666249632835388
76,1.0,0.04439689964056015,0.8333333134651184,0.6877932548522949
77,0.9928571581840515,0.051094409078359604,0.8888888955116272,0.6740875244140625
78,0.9895833134651184,0.05338777229189873,0.8888888955116272,0.6896073222160339
79,0.9857142567634583,0.04717584326863289,0.8888888955116272,0.7090869545936584
80,1.0,0.0446273535490036,0.8888888955116272,0.6733806729316711
81,0.9947916865348816,0.04414816200733185,0.8888888955116272,0.6351281404495239
82,0.9857142567634583,0.05013468861579895,0.9166666865348816,0.6537868976593018
83,0.9785714149475098,0.06853582710027695,0.8888888955116272,0.7241309285163879
